# JRE version: Java(TM) SE Runtime Environment (8.0_25-b18) (build 1.8.0_25-b18)
# Java VM: Java HotSpot(TM) 64-Bit Server VM (25.25-b02 mixed mode windows-amd64 compressed oops)
Heap:
 PSYoungGen      total 11776K, used 7254K [0x00000000eb200000, 0x00000000ec180000, 0x0000000100000000)
  eden space 9728K, 74% used [0x00000000eb200000,0x00000000eb915b68,0x00000000ebb80000)
  from space 2048K, 0% used [0x00000000ebb80000,0x00000000ebb80000,0x00000000ebd80000)
  to   space 2048K, 0% used [0x00000000ebf80000,0x00000000ebf80000,0x00000000ec180000)
 ParOldGen       total 35840K, used 15686K [0x00000000c1600000, 0x00000000c3900000, 0x00000000eb200000)
  object space 35840K, 43% used [0x00000000c1600000,0x00000000c2551b08,0x00000000c3900000)
 Metaspace       used 17884K, capacity 18094K, committed 18304K, reserved 1064960K
  class space    used 2072K, capacity 2155K, committed 2176K, reserved 1048576K
GC Heap History (10 events):
Event: 690.258 GC heap before
{Heap before GC invocations=1186 (full 8):
 PSYoungGen      total 11776K, used 10821K [0x00000000eb200000, 0x00000000ebf80000, 0x0000000100000000)
  eden space 9728K, 98% used [0x00000000eb200000,0x00000000ebb5b360,0x00000000ebb80000)
  from space 2048K, 60% used [0x00000000ebb80000,0x00000000ebcb60b0,0x00000000ebd80000)
  to   space 2048K, 0% used [0x00000000ebd80000,0x00000000ebd80000,0x00000000ebf80000)
 ParOldGen       total 30720K, used 24547K [0x00000000c1600000, 0x00000000c3400000, 0x00000000eb200000)
  object space 30720K, 79% used [0x00000000c1600000,0x00000000c2df8db8,0x00000000c3400000)
 Metaspace       used 17868K, capacity 18094K, committed 18304K, reserved 1064960K
  class space    used 2072K, capacity 2155K, committed 2176K, reserved 1048576K
Event: 690.262 GC heap after
Heap after GC invocations=1186 (full 8):
 PSYoungGen      total 11776K, used 1240K [0x00000000eb200000, 0x00000000ebf80000, 0x0000000100000000)
  eden space 9728K, 0% used [0x00000000eb200000,0x00000000eb200000,0x00000000ebb80000)
  from space 2048K, 60% used [0x00000000ebd80000,0x00000000ebeb60b0,0x00000000ebf80000)
  to   space 2048K, 0% used [0x00000000ebb80000,0x00000000ebb80000,0x00000000ebd80000)
 ParOldGen       total 30720K, used 25455K [0x00000000c1600000, 0x00000000c3400000, 0x00000000eb200000)
  object space 30720K, 82% used [0x00000000c1600000,0x00000000c2edbdc8,0x00000000c3400000)
 Metaspace       used 17868K, capacity 18094K, committed 18304K, reserved 1064960K
  class space    used 2072K, capacity 2155K, committed 2176K, reserved 1048576K
}
Event: 694.457 GC heap before
{Heap before GC invocations=1187 (full 8):
 PSYoungGen      total 11776K, used 10938K [0x00000000eb200000, 0x00000000ebf80000, 0x0000000100000000)
  eden space 9728K, 99% used [0x00000000eb200000,0x00000000ebb78ad8,0x00000000ebb80000)
  from space 2048K, 60% used [0x00000000ebd80000,0x00000000ebeb60b0,0x00000000ebf80000)
  to   space 2048K, 0% used [0x00000000ebb80000,0x00000000ebb80000,0x00000000ebd80000)
 ParOldGen       total 30720K, used 25455K [0x00000000c1600000, 0x00000000c3400000, 0x00000000eb200000)
  object space 30720K, 82% used [0x00000000c1600000,0x00000000c2edbdc8,0x00000000c3400000)
 Metaspace       used 17881K, capacity 18094K, committed 18304K, reserved 1064960K
  class space    used 2072K, capacity 2155K, committed 2176K, reserved 1048576K
Event: 694.459 GC heap after
Heap after GC invocations=1187 (full 8):
 PSYoungGen      total 11776K, used 1580K [0x00000000eb200000, 0x00000000ebf80000, 0x0000000100000000)
  eden space 9728K, 0% used [0x00000000eb200000,0x00000000eb200000,0x00000000ebb80000)
  from space 2048K, 77% used [0x00000000ebb80000,0x00000000ebd0b150,0x00000000ebd80000)
  to   space 2048K, 0% used [0x00000000ebd80000,0x00000000ebd80000,0x00000000ebf80000)
 ParOldGen       total 30720K, used 26371K [0x00000000c1600000, 0x00000000c3400000, 0x00000000eb200000)
  object space 30720K, 85% used [0x00000000c1600000,0x00000000c2fc0dd8,0x00000000c3400000)
 Metaspace       used 17881K, capacity 18094K, committed 18304K, reserved 1064960K
  class space    used 2072K, capacity 2155K, committed 2176K, reserved 1048576K
}
Event: 694.606 GC heap before
{Heap before GC invocations=1188 (full 8):
 PSYoungGen      total 11776K, used 10163K [0x00000000eb200000, 0x00000000ebf80000, 0x0000000100000000)
  eden space 9728K, 88% used [0x00000000eb200000,0x00000000eba61e90,0x00000000ebb80000)
  from space 2048K, 77% used [0x00000000ebb80000,0x00000000ebd0b150,0x00000000ebd80000)
  to   space 2048K, 0% used [0x00000000ebd80000,0x00000000ebd80000,0x00000000ebf80000)
 ParOldGen       total 30720K, used 26371K [0x00000000c1600000, 0x00000000c3400000, 0x00000000eb200000)
  object space 30720K, 85% used [0x00000000c1600000,0x00000000c2fc0dd8,0x00000000c3400000)
 Metaspace       used 17884K, capacity 18094K, committed 18304K, reserved 1064960K
  class space    used 2072K, capacity 2155K, committed 2176K, reserved 1048576K
Event: 694.608 GC heap after
Heap after GC invocations=1188 (full 8):
 PSYoungGen      total 11776K, used 1272K [0x00000000eb200000, 0x00000000ebf80000, 0x0000000100000000)
  eden space 9728K, 0% used [0x00000000eb200000,0x00000000eb200000,0x00000000ebb80000)
  from space 2048K, 62% used [0x00000000ebd80000,0x00000000ebebe0b0,0x00000000ebf80000)
  to   space 2048K, 0% used [0x00000000ebb80000,0x00000000ebb80000,0x00000000ebd80000)
 ParOldGen       total 30720K, used 26955K [0x00000000c1600000, 0x00000000c3400000, 0x00000000eb200000)
  object space 30720K, 87% used [0x00000000c1600000,0x00000000c3052f18,0x00000000c3400000)
 Metaspace       used 17884K, capacity 18094K, committed 18304K, reserved 1064960K
  class space    used 2072K, capacity 2155K, committed 2176K, reserved 1048576K
}
Event: 694.836 GC heap before
{Heap before GC invocations=1189 (full 8):
 PSYoungGen      total 11776K, used 10938K [0x00000000eb200000, 0x00000000ebf80000, 0x0000000100000000)
  eden space 9728K, 99% used [0x00000000eb200000,0x00000000ebb709b0,0x00000000ebb80000)
  from space 2048K, 62% used [0x00000000ebd80000,0x00000000ebebe0b0,0x00000000ebf80000)
  to   space 2048K, 0% used [0x00000000ebb80000,0x00000000ebb80000,0x00000000ebd80000)
 ParOldGen       total 30720K, used 26955K [0x00000000c1600000, 0x00000000c3400000, 0x00000000eb200000)
  object space 30720K, 87% used [0x00000000c1600000,0x00000000c3052f18,0x00000000c3400000)
 Metaspace       used 17884K, capacity 18094K, committed 18304K, reserved 1064960K
  class space    used 2072K, capacity 2155K, committed 2176K, reserved 1048576K
Event: 694.840 GC heap after
Heap after GC invocations=1189 (full 8):
 PSYoungGen      total 11776K, used 1540K [0x00000000eb200000, 0x00000000ec180000, 0x0000000100000000)
  eden space 9728K, 0% used [0x00000000eb200000,0x00000000eb200000,0x00000000ebb80000)
  from space 2048K, 75% used [0x00000000ebb80000,0x00000000ebd010b0,0x00000000ebd80000)
  to   space 2048K, 0% used [0x00000000ebf80000,0x00000000ebf80000,0x00000000ec180000)
 ParOldGen       total 30720K, used 30279K [0x00000000c1600000, 0x00000000c3400000, 0x00000000eb200000)
  object space 30720K, 98% used [0x00000000c1600000,0x00000000c3391f48,0x00000000c3400000)
 Metaspace       used 17884K, capacity 18094K, committed 18304K, reserved 1064960K
  class space    used 2072K, capacity 2155K, committed 2176K, reserved 1048576K
}
Event: 694.840 GC heap before
{Heap before GC invocations=1190 (full 9):
 PSYoungGen      total 11776K, used 1540K [0x00000000eb200000, 0x00000000ec180000, 0x0000000100000000)
  eden space 9728K, 0% used [0x00000000eb200000,0x00000000eb200000,0x00000000ebb80000)
  from space 2048K, 75% used [0x00000000ebb80000,0x00000000ebd010b0,0x00000000ebd80000)
  to   space 2048K, 0% used [0x00000000ebf80000,0x00000000ebf80000,0x00000000ec180000)
 ParOldGen       total 30720K, used 30279K [0x00000000c1600000, 0x00000000c3400000, 0x00000000eb200000)
  object space 30720K, 98% used [0x00000000c1600000,0x00000000c3391f48,0x00000000c3400000)
 Metaspace       used 17884K, capacity 18094K, committed 18304K, reserved 1064960K
  class space    used 2072K, capacity 2155K, committed 2176K, reserved 1048576K
Event: 694.879 GC heap after
Heap after GC invocations=1190 (full 9):
 PSYoungGen      total 11776K, used 0K [0x00000000eb200000, 0x00000000ec180000, 0x0000000100000000)
  eden space 9728K, 0% used [0x00000000eb200000,0x00000000eb200000,0x00000000ebb80000)
  from space 2048K, 0% used [0x00000000ebb80000,0x00000000ebb80000,0x00000000ebd80000)
  to   space 2048K, 0% used [0x00000000ebf80000,0x00000000ebf80000,0x00000000ec180000)
 ParOldGen       total 35840K, used 15686K [0x00000000c1600000, 0x00000000c3900000, 0x00000000eb200000)
  object space 35840K, 43% used [0x00000000c1600000,0x00000000c2551b08,0x00000000c3900000)
 Metaspace       used 17884K, capacity 18094K, committed 18304K, reserved 1064960K
  class space    used 2072K, capacity 2155K, committed 2176K, reserved 1048576K
}

