# JRE version: Java(TM) SE Runtime Environment (8.0_25-b18) (build 1.8.0_25-b18)
# Java VM: Java HotSpot(TM) 64-Bit Server VM (25.25-b02 mixed mode windows-amd64 compressed oops)
Heap:
 PSYoungGen      total 116224K, used 13949K [0x00000000eb200000, 0x00000000f3000000, 0x0000000100000000)
  eden space 104960K, 8% used [0x00000000eb200000,0x00000000ebadb330,0x00000000f1880000)
  from space 11264K, 43% used [0x00000000f1880000,0x00000000f1d44138,0x00000000f2380000)
  to   space 10752K, 0% used [0x00000000f2580000,0x00000000f2580000,0x00000000f3000000)
 ParOldGen       total 49664K, used 23774K [0x00000000c1600000, 0x00000000c4680000, 0x00000000eb200000)
  object space 49664K, 47% used [0x00000000c1600000,0x00000000c2d378c0,0x00000000c4680000)
 Metaspace       used 16699K, capacity 16944K, committed 17152K, reserved 1064960K
  class space    used 1895K, capacity 1962K, committed 2048K, reserved 1048576K
GC Heap History (10 events):
Event: 495.705 GC heap before
{Heap before GC invocations=661 (full 20):
 PSYoungGen      total 112128K, used 99320K [0x00000000eb200000, 0x00000000f2e00000, 0x0000000100000000)
  eden space 99328K, 99% used [0x00000000eb200000,0x00000000f12990f0,0x00000000f1300000)
  from space 12800K, 3% used [0x00000000f2180000,0x00000000f21e50a0,0x00000000f2e00000)
  to   space 13824K, 0% used [0x00000000f1300000,0x00000000f1300000,0x00000000f2080000)
 ParOldGen       total 49664K, used 23742K [0x00000000c1600000, 0x00000000c4680000, 0x00000000eb200000)
  object space 49664K, 47% used [0x00000000c1600000,0x00000000c2d2f8c0,0x00000000c4680000)
 Metaspace       used 16686K, capacity 16880K, committed 17152K, reserved 1064960K
  class space    used 1893K, capacity 1962K, committed 2048K, reserved 1048576K
Event: 495.708 GC heap after
Heap after GC invocations=661 (full 20):
 PSYoungGen      total 113152K, used 6080K [0x00000000eb200000, 0x00000000f3000000, 0x0000000100000000)
  eden space 99328K, 0% used [0x00000000eb200000,0x00000000eb200000,0x00000000f1300000)
  from space 13824K, 43% used [0x00000000f1300000,0x00000000f18f0190,0x00000000f2080000)
  to   space 13312K, 0% used [0x00000000f2300000,0x00000000f2300000,0x00000000f3000000)
 ParOldGen       total 49664K, used 23750K [0x00000000c1600000, 0x00000000c4680000, 0x00000000eb200000)
  object space 49664K, 47% used [0x00000000c1600000,0x00000000c2d318c0,0x00000000c4680000)
 Metaspace       used 16686K, capacity 16880K, committed 17152K, reserved 1064960K
  class space    used 1893K, capacity 1962K, committed 2048K, reserved 1048576K
}
Event: 497.649 GC heap before
{Heap before GC invocations=662 (full 20):
 PSYoungGen      total 113152K, used 104579K [0x00000000eb200000, 0x00000000f3000000, 0x0000000100000000)
  eden space 99328K, 99% used [0x00000000eb200000,0x00000000f1230d20,0x00000000f1300000)
  from space 13824K, 43% used [0x00000000f1300000,0x00000000f18f0190,0x00000000f2080000)
  to   space 13312K, 0% used [0x00000000f2300000,0x00000000f2300000,0x00000000f3000000)
 ParOldGen       total 49664K, used 23750K [0x00000000c1600000, 0x00000000c4680000, 0x00000000eb200000)
  object space 49664K, 47% used [0x00000000c1600000,0x00000000c2d318c0,0x00000000c4680000)
 Metaspace       used 16692K, capacity 16880K, committed 17152K, reserved 1064960K
  class space    used 1895K, capacity 1962K, committed 2048K, reserved 1048576K
Event: 497.652 GC heap after
Heap after GC invocations=662 (full 20):
 PSYoungGen      total 113664K, used 3395K [0x00000000eb200000, 0x00000000f2e80000, 0x0000000100000000)
  eden space 101888K, 0% used [0x00000000eb200000,0x00000000eb200000,0x00000000f1580000)
  from space 11776K, 28% used [0x00000000f2300000,0x00000000f2650fe8,0x00000000f2e80000)
  to   space 12800K, 0% used [0x00000000f1580000,0x00000000f1580000,0x00000000f2200000)
 ParOldGen       total 49664K, used 23758K [0x00000000c1600000, 0x00000000c4680000, 0x00000000eb200000)
  object space 49664K, 47% used [0x00000000c1600000,0x00000000c2d338c0,0x00000000c4680000)
 Metaspace       used 16692K, capacity 16880K, committed 17152K, reserved 1064960K
  class space    used 1895K, capacity 1962K, committed 2048K, reserved 1048576K
}
Event: 499.352 GC heap before
{Heap before GC invocations=663 (full 20):
 PSYoungGen      total 113664K, used 105102K [0x00000000eb200000, 0x00000000f2e80000, 0x0000000100000000)
  eden space 101888K, 99% used [0x00000000eb200000,0x00000000f1552818,0x00000000f1580000)
  from space 11776K, 28% used [0x00000000f2300000,0x00000000f2650fe8,0x00000000f2e80000)
  to   space 12800K, 0% used [0x00000000f1580000,0x00000000f1580000,0x00000000f2200000)
 ParOldGen       total 49664K, used 23758K [0x00000000c1600000, 0x00000000c4680000, 0x00000000eb200000)
  object space 49664K, 47% used [0x00000000c1600000,0x00000000c2d338c0,0x00000000c4680000)
 Metaspace       used 16692K, capacity 16880K, committed 17152K, reserved 1064960K
  class space    used 1895K, capacity 1962K, committed 2048K, reserved 1048576K
Event: 499.355 GC heap after
Heap after GC invocations=663 (full 20):
 PSYoungGen      total 114688K, used 4327K [0x00000000eb200000, 0x00000000f3000000, 0x0000000100000000)
  eden space 101888K, 0% used [0x00000000eb200000,0x00000000eb200000,0x00000000f1580000)
  from space 12800K, 33% used [0x00000000f1580000,0x00000000f19b9ff8,0x00000000f2200000)
  to   space 12288K, 0% used [0x00000000f2400000,0x00000000f2400000,0x00000000f3000000)
 ParOldGen       total 49664K, used 23766K [0x00000000c1600000, 0x00000000c4680000, 0x00000000eb200000)
  object space 49664K, 47% used [0x00000000c1600000,0x00000000c2d358c0,0x00000000c4680000)
 Metaspace       used 16692K, capacity 16880K, committed 17152K, reserved 1064960K
  class space    used 1895K, capacity 1962K, committed 2048K, reserved 1048576K
}
Event: 501.084 GC heap before
{Heap before GC invocations=664 (full 20):
 PSYoungGen      total 114688K, used 105777K [0x00000000eb200000, 0x00000000f3000000, 0x0000000100000000)
  eden space 101888K, 99% used [0x00000000eb200000,0x00000000f15126f0,0x00000000f1580000)
  from space 12800K, 33% used [0x00000000f1580000,0x00000000f19b9ff8,0x00000000f2200000)
  to   space 12288K, 0% used [0x00000000f2400000,0x00000000f2400000,0x00000000f3000000)
 ParOldGen       total 49664K, used 23766K [0x00000000c1600000, 0x00000000c4680000, 0x00000000eb200000)
  object space 49664K, 47% used [0x00000000c1600000,0x00000000c2d358c0,0x00000000c4680000)
 Metaspace       used 16692K, capacity 16880K, committed 17152K, reserved 1064960K
  class space    used 1895K, capacity 1962K, committed 2048K, reserved 1048576K
Event: 501.087 GC heap after
Heap after GC invocations=664 (full 20):
 PSYoungGen      total 115712K, used 4540K [0x00000000eb200000, 0x00000000f2e80000, 0x0000000100000000)
  eden space 104960K, 0% used [0x00000000eb200000,0x00000000eb200000,0x00000000f1880000)
  from space 10752K, 42% used [0x00000000f2400000,0x00000000f286f098,0x00000000f2e80000)
  to   space 11264K, 0% used [0x00000000f1880000,0x00000000f1880000,0x00000000f2380000)
 ParOldGen       total 49664K, used 23766K [0x00000000c1600000, 0x00000000c4680000, 0x00000000eb200000)
  object space 49664K, 47% used [0x00000000c1600000,0x00000000c2d358c0,0x00000000c4680000)
 Metaspace       used 16692K, capacity 16880K, committed 17152K, reserved 1064960K
  class space    used 1895K, capacity 1962K, committed 2048K, reserved 1048576K
}
Event: 506.681 GC heap before
{Heap before GC invocations=665 (full 20):
 PSYoungGen      total 115712K, used 108524K [0x00000000eb200000, 0x00000000f2e80000, 0x0000000100000000)
  eden space 104960K, 99% used [0x00000000eb200000,0x00000000f178c200,0x00000000f1880000)
  from space 10752K, 42% used [0x00000000f2400000,0x00000000f286f098,0x00000000f2e80000)
  to   space 11264K, 0% used [0x00000000f1880000,0x00000000f1880000,0x00000000f2380000)
 ParOldGen       total 49664K, used 23766K [0x00000000c1600000, 0x00000000c4680000, 0x00000000eb200000)
  object space 49664K, 47% used [0x00000000c1600000,0x00000000c2d358c0,0x00000000c4680000)
 Metaspace       used 16699K, capacity 16944K, committed 17152K, reserved 1064960K
  class space    used 1895K, capacity 1962K, committed 2048K, reserved 1048576K
Event: 506.684 GC heap after
Heap after GC invocations=665 (full 20):
 PSYoungGen      total 116224K, used 4880K [0x00000000eb200000, 0x00000000f3000000, 0x0000000100000000)
  eden space 104960K, 0% used [0x00000000eb200000,0x00000000eb200000,0x00000000f1880000)
  from space 11264K, 43% used [0x00000000f1880000,0x00000000f1d44138,0x00000000f2380000)
  to   space 10752K, 0% used [0x00000000f2580000,0x00000000f2580000,0x00000000f3000000)
 ParOldGen       total 49664K, used 23774K [0x00000000c1600000, 0x00000000c4680000, 0x00000000eb200000)
  object space 49664K, 47% used [0x00000000c1600000,0x00000000c2d378c0,0x00000000c4680000)
 Metaspace       used 16699K, capacity 16944K, committed 17152K, reserved 1064960K
  class space    used 1895K, capacity 1962K, committed 2048K, reserved 1048576K
}

