# JRE version: Java(TM) SE Runtime Environment (8.0_25-b18) (build 1.8.0_25-b18)
# Java VM: Java HotSpot(TM) 64-Bit Server VM (25.25-b02 mixed mode windows-amd64 compressed oops)
Heap:
 PSYoungGen      total 73216K, used 4622K [0x00000000eb200000, 0x00000000f0580000, 0x0000000100000000)
  eden space 65024K, 7% used [0x00000000eb200000,0x00000000eb683ba8,0x00000000ef180000)
  from space 8192K, 0% used [0x00000000ef180000,0x00000000ef180000,0x00000000ef980000)
  to   space 8192K, 0% used [0x00000000efd80000,0x00000000efd80000,0x00000000f0580000)
 ParOldGen       total 52736K, used 14997K [0x00000000c1600000, 0x00000000c4980000, 0x00000000eb200000)
  object space 52736K, 28% used [0x00000000c1600000,0x00000000c24a5698,0x00000000c4980000)
 Metaspace       used 17826K, capacity 18030K, committed 18304K, reserved 1064960K
  class space    used 2073K, capacity 2155K, committed 2176K, reserved 1048576K
GC Heap History (10 events):
Event: 367.475 GC heap before
{Heap before GC invocations=414 (full 10):
 PSYoungGen      total 66560K, used 62857K [0x00000000eb200000, 0x00000000efc80000, 0x0000000100000000)
  eden space 58880K, 99% used [0x00000000eb200000,0x00000000eeaf35a0,0x00000000eeb80000)
  from space 7680K, 59% used [0x00000000eeb80000,0x00000000eefef098,0x00000000ef300000)
  to   space 7168K, 0% used [0x00000000ef580000,0x00000000ef580000,0x00000000efc80000)
 ParOldGen       total 61440K, used 60516K [0x00000000c1600000, 0x00000000c5200000, 0x00000000eb200000)
  object space 61440K, 98% used [0x00000000c1600000,0x00000000c5119138,0x00000000c5200000)
 Metaspace       used 17822K, capacity 18030K, committed 18304K, reserved 1064960K
  class space    used 2073K, capacity 2155K, committed 2176K, reserved 1048576K
Event: 367.480 GC heap after
Heap after GC invocations=414 (full 10):
 PSYoungGen      total 69120K, used 5196K [0x00000000eb200000, 0x00000000efd00000, 0x0000000100000000)
  eden space 61952K, 0% used [0x00000000eb200000,0x00000000eb200000,0x00000000eee80000)
  from space 7168K, 72% used [0x00000000ef580000,0x00000000efa93008,0x00000000efc80000)
  to   space 7168K, 0% used [0x00000000eee80000,0x00000000eee80000,0x00000000ef580000)
 ParOldGen       total 61440K, used 60516K [0x00000000c1600000, 0x00000000c5200000, 0x00000000eb200000)
  object space 61440K, 98% used [0x00000000c1600000,0x00000000c5119138,0x00000000c5200000)
 Metaspace       used 17822K, capacity 18030K, committed 18304K, reserved 1064960K
  class space    used 2073K, capacity 2155K, committed 2176K, reserved 1048576K
}
Event: 368.458 GC heap before
{Heap before GC invocations=415 (full 10):
 PSYoungGen      total 69120K, used 67084K [0x00000000eb200000, 0x00000000efd00000, 0x0000000100000000)
  eden space 61952K, 99% used [0x00000000eb200000,0x00000000eee703c8,0x00000000eee80000)
  from space 7168K, 72% used [0x00000000ef580000,0x00000000efa93008,0x00000000efc80000)
  to   space 7168K, 0% used [0x00000000eee80000,0x00000000eee80000,0x00000000ef580000)
 ParOldGen       total 61440K, used 60516K [0x00000000c1600000, 0x00000000c5200000, 0x00000000eb200000)
  object space 61440K, 98% used [0x00000000c1600000,0x00000000c5119138,0x00000000c5200000)
 Metaspace       used 17822K, capacity 18030K, committed 18304K, reserved 1064960K
  class space    used 2073K, capacity 2155K, committed 2176K, reserved 1048576K
Event: 368.462 GC heap after
Heap after GC invocations=415 (full 10):
 PSYoungGen      total 69120K, used 6616K [0x00000000eb200000, 0x00000000f0100000, 0x0000000100000000)
  eden space 61952K, 0% used [0x00000000eb200000,0x00000000eb200000,0x00000000eee80000)
  from space 7168K, 92% used [0x00000000eee80000,0x00000000ef4f6158,0x00000000ef580000)
  to   space 7680K, 0% used [0x00000000ef980000,0x00000000ef980000,0x00000000f0100000)
 ParOldGen       total 61440K, used 60516K [0x00000000c1600000, 0x00000000c5200000, 0x00000000eb200000)
  object space 61440K, 98% used [0x00000000c1600000,0x00000000c5119138,0x00000000c5200000)
 Metaspace       used 17822K, capacity 18030K, committed 18304K, reserved 1064960K
  class space    used 2073K, capacity 2155K, committed 2176K, reserved 1048576K
}
Event: 369.461 GC heap before
{Heap before GC invocations=416 (full 10):
 PSYoungGen      total 69120K, used 67849K [0x00000000eb200000, 0x00000000f0100000, 0x0000000100000000)
  eden space 61952K, 98% used [0x00000000eb200000,0x00000000eedcc440,0x00000000eee80000)
  from space 7168K, 92% used [0x00000000eee80000,0x00000000ef4f6158,0x00000000ef580000)
  to   space 7680K, 0% used [0x00000000ef980000,0x00000000ef980000,0x00000000f0100000)
 ParOldGen       total 61440K, used 60516K [0x00000000c1600000, 0x00000000c5200000, 0x00000000eb200000)
  object space 61440K, 98% used [0x00000000c1600000,0x00000000c5119138,0x00000000c5200000)
 Metaspace       used 17826K, capacity 18030K, committed 18304K, reserved 1064960K
  class space    used 2073K, capacity 2155K, committed 2176K, reserved 1048576K
Event: 369.467 GC heap after
Heap after GC invocations=416 (full 10):
 PSYoungGen      total 72704K, used 7319K [0x00000000eb200000, 0x00000000f0280000, 0x0000000100000000)
  eden space 65024K, 0% used [0x00000000eb200000,0x00000000eb200000,0x00000000ef180000)
  from space 7680K, 95% used [0x00000000ef980000,0x00000000f00a5f40,0x00000000f0100000)
  to   space 8192K, 0% used [0x00000000ef180000,0x00000000ef180000,0x00000000ef980000)
 ParOldGen       total 61440K, used 60540K [0x00000000c1600000, 0x00000000c5200000, 0x00000000eb200000)
  object space 61440K, 98% used [0x00000000c1600000,0x00000000c511f138,0x00000000c5200000)
 Metaspace       used 17826K, capacity 18030K, committed 18304K, reserved 1064960K
  class space    used 2073K, capacity 2155K, committed 2176K, reserved 1048576K
}
Event: 371.023 GC heap before
{Heap before GC invocations=417 (full 10):
 PSYoungGen      total 72704K, used 71520K [0x00000000eb200000, 0x00000000f0280000, 0x0000000100000000)
  eden space 65024K, 98% used [0x00000000eb200000,0x00000000ef0b23d8,0x00000000ef180000)
  from space 7680K, 95% used [0x00000000ef980000,0x00000000f00a5f40,0x00000000f0100000)
  to   space 8192K, 0% used [0x00000000ef180000,0x00000000ef180000,0x00000000ef980000)
 ParOldGen       total 61440K, used 60540K [0x00000000c1600000, 0x00000000c5200000, 0x00000000eb200000)
  object space 61440K, 98% used [0x00000000c1600000,0x00000000c511f138,0x00000000c5200000)
 Metaspace       used 17826K, capacity 18030K, committed 18304K, reserved 1064960K
  class space    used 2073K, capacity 2155K, committed 2176K, reserved 1048576K
Event: 371.029 GC heap after
Heap after GC invocations=417 (full 10):
 PSYoungGen      total 73216K, used 4067K [0x00000000eb200000, 0x00000000f0580000, 0x0000000100000000)
  eden space 65024K, 0% used [0x00000000eb200000,0x00000000eb200000,0x00000000ef180000)
  from space 8192K, 49% used [0x00000000ef180000,0x00000000ef578dd0,0x00000000ef980000)
  to   space 8192K, 0% used [0x00000000efd80000,0x00000000efd80000,0x00000000f0580000)
 ParOldGen       total 64512K, used 63500K [0x00000000c1600000, 0x00000000c5500000, 0x00000000eb200000)
  object space 64512K, 98% used [0x00000000c1600000,0x00000000c5403208,0x00000000c5500000)
 Metaspace       used 17826K, capacity 18030K, committed 18304K, reserved 1064960K
  class space    used 2073K, capacity 2155K, committed 2176K, reserved 1048576K
}
Event: 371.029 GC heap before
{Heap before GC invocations=418 (full 11):
 PSYoungGen      total 73216K, used 4067K [0x00000000eb200000, 0x00000000f0580000, 0x0000000100000000)
  eden space 65024K, 0% used [0x00000000eb200000,0x00000000eb200000,0x00000000ef180000)
  from space 8192K, 49% used [0x00000000ef180000,0x00000000ef578dd0,0x00000000ef980000)
  to   space 8192K, 0% used [0x00000000efd80000,0x00000000efd80000,0x00000000f0580000)
 ParOldGen       total 64512K, used 63500K [0x00000000c1600000, 0x00000000c5500000, 0x00000000eb200000)
  object space 64512K, 98% used [0x00000000c1600000,0x00000000c5403208,0x00000000c5500000)
 Metaspace       used 17826K, capacity 18030K, committed 18304K, reserved 1064960K
  class space    used 2073K, capacity 2155K, committed 2176K, reserved 1048576K
Event: 371.069 GC heap after
Heap after GC invocations=418 (full 11):
 PSYoungGen      total 73216K, used 0K [0x00000000eb200000, 0x00000000f0580000, 0x0000000100000000)
  eden space 65024K, 0% used [0x00000000eb200000,0x00000000eb200000,0x00000000ef180000)
  from space 8192K, 0% used [0x00000000ef180000,0x00000000ef180000,0x00000000ef980000)
  to   space 8192K, 0% used [0x00000000efd80000,0x00000000efd80000,0x00000000f0580000)
 ParOldGen       total 52736K, used 14997K [0x00000000c1600000, 0x00000000c4980000, 0x00000000eb200000)
  object space 52736K, 28% used [0x00000000c1600000,0x00000000c24a5698,0x00000000c4980000)
 Metaspace       used 17826K, capacity 18030K, committed 18304K, reserved 1064960K
  class space    used 2073K, capacity 2155K, committed 2176K, reserved 1048576K
}

