# JRE version: Java(TM) SE Runtime Environment (8.0_25-b18) (build 1.8.0_25-b18)
# Java VM: Java HotSpot(TM) 64-Bit Server VM (25.25-b02 mixed mode windows-amd64 compressed oops)
Heap:
 PSYoungGen      total 22528K, used 3712K [0x00000000eb200000, 0x00000000eca00000, 0x0000000100000000)
  eden space 20480K, 18% used [0x00000000eb200000,0x00000000eb5a0230,0x00000000ec600000)
  from space 2048K, 0% used [0x00000000ec600000,0x00000000ec600000,0x00000000ec800000)
  to   space 2048K, 0% used [0x00000000ec800000,0x00000000ec800000,0x00000000eca00000)
 ParOldGen       total 38912K, used 13347K [0x00000000c1600000, 0x00000000c3c00000, 0x00000000eb200000)
  object space 38912K, 34% used [0x00000000c1600000,0x00000000c2308c70,0x00000000c3c00000)
 Metaspace       used 16757K, capacity 16944K, committed 17152K, reserved 1064960K
  class space    used 1901K, capacity 1962K, committed 2048K, reserved 1048576K
GC Heap History (10 events):
Event: 1100.184 GC heap before
{Heap before GC invocations=1392 (full 22):
 PSYoungGen      total 22528K, used 21214K [0x00000000eb200000, 0x00000000eca00000, 0x0000000100000000)
  eden space 20480K, 97% used [0x00000000eb200000,0x00000000ec5818a0,0x00000000ec600000)
  from space 2048K, 60% used [0x00000000ec600000,0x00000000ec7360b0,0x00000000ec800000)
  to   space 2048K, 0% used [0x00000000ec800000,0x00000000ec800000,0x00000000eca00000)
 ParOldGen       total 34304K, used 27471K [0x00000000c1600000, 0x00000000c3780000, 0x00000000eb200000)
  object space 34304K, 80% used [0x00000000c1600000,0x00000000c30d3e08,0x00000000c3780000)
 Metaspace       used 16757K, capacity 16944K, committed 17152K, reserved 1064960K
  class space    used 1901K, capacity 1962K, committed 2048K, reserved 1048576K
Event: 1100.186 GC heap after
Heap after GC invocations=1392 (full 22):
 PSYoungGen      total 22528K, used 1911K [0x00000000eb200000, 0x00000000eca00000, 0x0000000100000000)
  eden space 20480K, 0% used [0x00000000eb200000,0x00000000eb200000,0x00000000ec600000)
  from space 2048K, 93% used [0x00000000ec800000,0x00000000ec9dde98,0x00000000eca00000)
  to   space 2048K, 0% used [0x00000000ec600000,0x00000000ec600000,0x00000000ec800000)
 ParOldGen       total 34304K, used 27479K [0x00000000c1600000, 0x00000000c3780000, 0x00000000eb200000)
  object space 34304K, 80% used [0x00000000c1600000,0x00000000c30d5e08,0x00000000c3780000)
 Metaspace       used 16757K, capacity 16944K, committed 17152K, reserved 1064960K
  class space    used 1901K, capacity 1962K, committed 2048K, reserved 1048576K
}
Event: 1100.662 GC heap before
{Heap before GC invocations=1393 (full 22):
 PSYoungGen      total 22528K, used 22274K [0x00000000eb200000, 0x00000000eca00000, 0x0000000100000000)
  eden space 20480K, 99% used [0x00000000eb200000,0x00000000ec5e2bb0,0x00000000ec600000)
  from space 2048K, 93% used [0x00000000ec800000,0x00000000ec9dde98,0x00000000eca00000)
  to   space 2048K, 0% used [0x00000000ec600000,0x00000000ec600000,0x00000000ec800000)
 ParOldGen       total 34304K, used 27479K [0x00000000c1600000, 0x00000000c3780000, 0x00000000eb200000)
  object space 34304K, 80% used [0x00000000c1600000,0x00000000c30d5e08,0x00000000c3780000)
 Metaspace       used 16757K, capacity 16944K, committed 17152K, reserved 1064960K
  class space    used 1901K, capacity 1962K, committed 2048K, reserved 1048576K
Event: 1100.664 GC heap after
Heap after GC invocations=1393 (full 22):
 PSYoungGen      total 22528K, used 1240K [0x00000000eb200000, 0x00000000eca00000, 0x0000000100000000)
  eden space 20480K, 0% used [0x00000000eb200000,0x00000000eb200000,0x00000000ec600000)
  from space 2048K, 60% used [0x00000000ec600000,0x00000000ec7360b0,0x00000000ec800000)
  to   space 2048K, 0% used [0x00000000ec800000,0x00000000ec800000,0x00000000eca00000)
 ParOldGen       total 34304K, used 28174K [0x00000000c1600000, 0x00000000c3780000, 0x00000000eb200000)
  object space 34304K, 82% used [0x00000000c1600000,0x00000000c3183bf0,0x00000000c3780000)
 Metaspace       used 16757K, capacity 16944K, committed 17152K, reserved 1064960K
  class space    used 1901K, capacity 1962K, committed 2048K, reserved 1048576K
}
Event: 1101.149 GC heap before
{Heap before GC invocations=1394 (full 22):
 PSYoungGen      total 22528K, used 21674K [0x00000000eb200000, 0x00000000eca00000, 0x0000000100000000)
  eden space 20480K, 99% used [0x00000000eb200000,0x00000000ec5f48c8,0x00000000ec600000)
  from space 2048K, 60% used [0x00000000ec600000,0x00000000ec7360b0,0x00000000ec800000)
  to   space 2048K, 0% used [0x00000000ec800000,0x00000000ec800000,0x00000000eca00000)
 ParOldGen       total 34304K, used 28174K [0x00000000c1600000, 0x00000000c3780000, 0x00000000eb200000)
  object space 34304K, 82% used [0x00000000c1600000,0x00000000c3183bf0,0x00000000c3780000)
 Metaspace       used 16757K, capacity 16944K, committed 17152K, reserved 1064960K
  class space    used 1901K, capacity 1962K, committed 2048K, reserved 1048576K
Event: 1101.152 GC heap after
Heap after GC invocations=1394 (full 22):
 PSYoungGen      total 22528K, used 1540K [0x00000000eb200000, 0x00000000eca00000, 0x0000000100000000)
  eden space 20480K, 0% used [0x00000000eb200000,0x00000000eb200000,0x00000000ec600000)
  from space 2048K, 75% used [0x00000000ec800000,0x00000000ec9810b0,0x00000000eca00000)
  to   space 2048K, 0% used [0x00000000ec600000,0x00000000ec600000,0x00000000ec800000)
 ParOldGen       total 34304K, used 31483K [0x00000000c1600000, 0x00000000c3780000, 0x00000000eb200000)
  object space 34304K, 91% used [0x00000000c1600000,0x00000000c34bec20,0x00000000c3780000)
 Metaspace       used 16757K, capacity 16944K, committed 17152K, reserved 1064960K
  class space    used 1901K, capacity 1962K, committed 2048K, reserved 1048576K
}
Event: 1101.624 GC heap before
{Heap before GC invocations=1395 (full 22):
 PSYoungGen      total 22528K, used 21842K [0x00000000eb200000, 0x00000000eca00000, 0x0000000100000000)
  eden space 20480K, 99% used [0x00000000eb200000,0x00000000ec5d3aa8,0x00000000ec600000)
  from space 2048K, 75% used [0x00000000ec800000,0x00000000ec9810b0,0x00000000eca00000)
  to   space 2048K, 0% used [0x00000000ec600000,0x00000000ec600000,0x00000000ec800000)
 ParOldGen       total 34304K, used 31483K [0x00000000c1600000, 0x00000000c3780000, 0x00000000eb200000)
  object space 34304K, 91% used [0x00000000c1600000,0x00000000c34bec20,0x00000000c3780000)
 Metaspace       used 16757K, capacity 16944K, committed 17152K, reserved 1064960K
  class space    used 1901K, capacity 1962K, committed 2048K, reserved 1048576K
Event: 1101.629 GC heap after
Heap after GC invocations=1395 (full 22):
 PSYoungGen      total 22528K, used 1304K [0x00000000eb200000, 0x00000000eca00000, 0x0000000100000000)
  eden space 20480K, 0% used [0x00000000eb200000,0x00000000eb200000,0x00000000ec600000)
  from space 2048K, 63% used [0x00000000ec600000,0x00000000ec7460b0,0x00000000ec800000)
  to   space 2048K, 0% used [0x00000000ec800000,0x00000000ec800000,0x00000000eca00000)
 ParOldGen       total 36864K, used 36007K [0x00000000c1600000, 0x00000000c3a00000, 0x00000000eb200000)
  object space 36864K, 97% used [0x00000000c1600000,0x00000000c3929c60,0x00000000c3a00000)
 Metaspace       used 16757K, capacity 16944K, committed 17152K, reserved 1064960K
  class space    used 1901K, capacity 1962K, committed 2048K, reserved 1048576K
}
Event: 1101.629 GC heap before
{Heap before GC invocations=1396 (full 23):
 PSYoungGen      total 22528K, used 1304K [0x00000000eb200000, 0x00000000eca00000, 0x0000000100000000)
  eden space 20480K, 0% used [0x00000000eb200000,0x00000000eb200000,0x00000000ec600000)
  from space 2048K, 63% used [0x00000000ec600000,0x00000000ec7460b0,0x00000000ec800000)
  to   space 2048K, 0% used [0x00000000ec800000,0x00000000ec800000,0x00000000eca00000)
 ParOldGen       total 36864K, used 36007K [0x00000000c1600000, 0x00000000c3a00000, 0x00000000eb200000)
  object space 36864K, 97% used [0x00000000c1600000,0x00000000c3929c60,0x00000000c3a00000)
 Metaspace       used 16757K, capacity 16944K, committed 17152K, reserved 1064960K
  class space    used 1901K, capacity 1962K, committed 2048K, reserved 1048576K
Event: 1101.662 GC heap after
Heap after GC invocations=1396 (full 23):
 PSYoungGen      total 22528K, used 0K [0x00000000eb200000, 0x00000000eca00000, 0x0000000100000000)
  eden space 20480K, 0% used [0x00000000eb200000,0x00000000eb200000,0x00000000ec600000)
  from space 2048K, 0% used [0x00000000ec600000,0x00000000ec600000,0x00000000ec800000)
  to   space 2048K, 0% used [0x00000000ec800000,0x00000000ec800000,0x00000000eca00000)
 ParOldGen       total 38912K, used 13347K [0x00000000c1600000, 0x00000000c3c00000, 0x00000000eb200000)
  object space 38912K, 34% used [0x00000000c1600000,0x00000000c2308c70,0x00000000c3c00000)
 Metaspace       used 16757K, capacity 16944K, committed 17152K, reserved 1064960K
  class space    used 1901K, capacity 1962K, committed 2048K, reserved 1048576K
}

